<?xml version="1.0" encoding="UTF-8"?>
<testng-results skipped="0" failed="0" total="1" passed="1">
  <reporter-output>
    <line>
      <![CDATA[Error Messageno such window: target window already closed
from unknown error: web view not found
  (Session info: chrome=51.0.2704.103)
  (Driver info: chromedriver=2.21.371459 (36d3d07f660ff2bc1bf28a75d1cdabed0983e7c4),platform=Windows NT 6.1 SP1 x86_64) (WARNING: The server did not provide any stacktrace information)
Command duration or timeout: 7 milliseconds
Build info: version: '2.45.0', revision: '32a636c', time: '2015-03-05 22:01:35'
System info: host: 'BLR2-7200013119', ip: '192.168.0.113', os.name: 'Windows 7', os.arch: 'amd64', os.version: '6.1', java.version: '1.8.0_91'
Driver info: org.openqa.selenium.chrome.ChromeDriver
Capabilities [{applicationCacheEnabled=false, rotatable=false, mobileEmulationEnabled=false, chrome={chromedriverVersion=2.21.371459 (36d3d07f660ff2bc1bf28a75d1cdabed0983e7c4), userDataDir=C:\Users\nssindhe\AppData\Local\Temp\scoped_dir7492_14630}, takesHeapSnapshot=true, databaseEnabled=false, handlesAlerts=true, hasTouchScreen=false, version=51.0.2704.103, platform=XP, browserConnectionEnabled=false, nativeEvents=true, acceptSslCerts=true, locationContextEnabled=true, webStorageEnabled=true, browserName=chrome, takesScreenshot=true, javascriptEnabled=true, cssSelectorsEnabled=true}]
Session ID: 2987ce9fe7413e9e5403559c9354f9f9]]>
    </line>
  </reporter-output>
  <suite name="Default suite" duration-ms="24804" started-at="2016-07-12T17:27:20Z" finished-at="2016-07-12T17:27:45Z">
    <groups>
    </groups>
    <test name="Default test" duration-ms="24804" started-at="2016-07-12T17:27:20Z" finished-at="2016-07-12T17:27:45Z">
      <class name="com.BaseTest.BaseClass">
        <test-method status="PASS" signature="Base()[pri:0, instance:com.BaseTest.BaseClass@1b40d5f0]" name="Base" duration-ms="24787" started-at="2016-07-12T22:57:20Z" finished-at="2016-07-12T22:57:45Z">
          <reporter-output>
            <line>
              <![CDATA[Error Messageno such window: target window already closed
from unknown error: web view not found
  (Session info: chrome=51.0.2704.103)
  (Driver info: chromedriver=2.21.371459 (36d3d07f660ff2bc1bf28a75d1cdabed0983e7c4),platform=Windows NT 6.1 SP1 x86_64) (WARNING: The server did not provide any stacktrace information)
Command duration or timeout: 7 milliseconds
Build info: version: '2.45.0', revision: '32a636c', time: '2015-03-05 22:01:35'
System info: host: 'BLR2-7200013119', ip: '192.168.0.113', os.name: 'Windows 7', os.arch: 'amd64', os.version: '6.1', java.version: '1.8.0_91'
Driver info: org.openqa.selenium.chrome.ChromeDriver
Capabilities [{applicationCacheEnabled=false, rotatable=false, mobileEmulationEnabled=false, chrome={chromedriverVersion=2.21.371459 (36d3d07f660ff2bc1bf28a75d1cdabed0983e7c4), userDataDir=C:\Users\nssindhe\AppData\Local\Temp\scoped_dir7492_14630}, takesHeapSnapshot=true, databaseEnabled=false, handlesAlerts=true, hasTouchScreen=false, version=51.0.2704.103, platform=XP, browserConnectionEnabled=false, nativeEvents=true, acceptSslCerts=true, locationContextEnabled=true, webStorageEnabled=true, browserName=chrome, takesScreenshot=true, javascriptEnabled=true, cssSelectorsEnabled=true}]
Session ID: 2987ce9fe7413e9e5403559c9354f9f9]]>
            </line>
          </reporter-output>
        </test-method> <!-- Base -->
      </class> <!-- com.BaseTest.BaseClass -->
    </test> <!-- Default test -->
  </suite> <!-- Default suite -->
</testng-results>
